0 info it worked if it ends with ok
1 verbose cli [ 'node',
1 verbose cli   '/usr/local/bin/npm',
1 verbose cli   '--registry=https://registry.npm.taobao.org',
1 verbose cli   '--cache=/Users/Jinbo/.npm/.cache/cnpm',
1 verbose cli   '--disturl=https://npm.taobao.org/dist',
1 verbose cli   '--userconfig=/Users/Jinbo/.cnpmrc',
1 verbose cli   'install',
1 verbose cli   '-g',
1 verbose cli   'react-tools' ]
2 info using npm@2.7.4
3 info using node@v0.12.2
4 silly cache add args [ 'react-tools', null ]
5 verbose cache add spec react-tools
6 silly cache add parsed spec { raw: 'react-tools',
6 silly cache add   scope: null,
6 silly cache add   name: 'react-tools',
6 silly cache add   rawSpec: '',
6 silly cache add   spec: '*',
6 silly cache add   type: 'range' }
7 verbose addNamed react-tools@*
8 silly addNamed semver.valid null
9 silly addNamed semver.validRange *
10 silly addNameRange { name: 'react-tools', range: '*', hasData: false }
11 silly mapToRegistry name react-tools
12 silly mapToRegistry using default registry
13 silly mapToRegistry registry https://registry.npm.taobao.org/
14 silly mapToRegistry uri https://registry.npm.taobao.org/react-tools
15 verbose addNameRange registry:https://registry.npm.taobao.org/react-tools not in flight; fetching
16 verbose request uri https://registry.npm.taobao.org/react-tools
17 verbose request no auth needed
18 info attempt registry request try #1 at 22:42:22
19 verbose request id 45d5c98a122c9416
20 verbose etag "1432771035000"
21 http request GET https://registry.npm.taobao.org/react-tools
22 http 304 https://registry.npm.taobao.org/react-tools
23 silly get cb [ 304,
23 silly get   { server: 'nginx/1.1.19',
23 silly get     date: 'Mon, 08 Jun 2015 14:42:22 GMT',
23 silly get     connection: 'keep-alive',
23 silly get     etag: '"1432771035000"',
23 silly get     'x-readtime': '7' } ]
24 verbose etag https://registry.npm.taobao.org/react-tools from cache
25 verbose get saving react-tools to /Users/Jinbo/.npm/.cache/cnpm/registry.npm.taobao.org/react-tools/.cache.json
26 silly addNameRange number 2 { name: 'react-tools', range: '*', hasData: true }
27 silly addNameRange versions [ 'react-tools',
27 silly addNameRange   [ '0.14.0-alpha3',
27 silly addNameRange     '0.14.0-alpha2',
27 silly addNameRange     '0.14.0-alpha1',
27 silly addNameRange     '0.13.3',
27 silly addNameRange     '0.13.2',
27 silly addNameRange     '0.13.1',
27 silly addNameRange     '0.13.0',
27 silly addNameRange     '0.13.0-rc2',
27 silly addNameRange     '0.13.0-rc1',
27 silly addNameRange     '0.13.0-beta.2',
27 silly addNameRange     '0.13.0-beta.1',
27 silly addNameRange     '0.13.0-alpha.2',
27 silly addNameRange     '0.13.0-alpha.1',
27 silly addNameRange     '0.12.2',
27 silly addNameRange     '0.12.1',
27 silly addNameRange     '0.12.0',
27 silly addNameRange     '0.12.0-rc1',
27 silly addNameRange     '0.11.2',
27 silly addNameRange     '0.11.1',
27 silly addNameRange     '0.11.0',
27 silly addNameRange     '0.11.0-rc1',
27 silly addNameRange     '0.10.0',
27 silly addNameRange     '0.10.0-rc1',
27 silly addNameRange     '0.9.0',
27 silly addNameRange     '0.9.0-rc1',
27 silly addNameRange     '0.8.0',
27 silly addNameRange     '0.5.2',
27 silly addNameRange     '0.4.2',
27 silly addNameRange     '0.5.1',
27 silly addNameRange     '0.5.0',
27 silly addNameRange     '0.4.1',
27 silly addNameRange     '0.4.0',
27 silly addNameRange     '0.3.3',
27 silly addNameRange     '0.3.2',
27 silly addNameRange     '0.3.1',
27 silly addNameRange     '0.3.0' ] ]
28 verbose addNamed react-tools@0.13.3
29 silly addNamed semver.valid 0.13.3
30 silly addNamed semver.validRange 0.13.3
31 silly cache afterAdd react-tools@0.13.3
32 verbose afterAdd /Users/Jinbo/.npm/.cache/cnpm/react-tools/0.13.3/package/package.json not in flight; writing
33 verbose afterAdd /Users/Jinbo/.npm/.cache/cnpm/react-tools/0.13.3/package/package.json written
34 silly install resolved [ { name: 'react-tools',
34 silly install resolved     description: 'A set of complementary tools to React, including the JSX transformer.',
34 silly install resolved     version: '0.13.3',
34 silly install resolved     keywords: [ 'react', 'jsx', 'transformer', 'view' ],
34 silly install resolved     homepage: 'https://facebook.github.io/react',
34 silly install resolved     bugs: { url: 'https://github.com/facebook/react/issues' },
34 silly install resolved     license: 'BSD-3-Clause',
34 silly install resolved     files:
34 silly install resolved      [ 'main.js',
34 silly install resolved        'bin/jsx',
34 silly install resolved        'src/',
34 silly install resolved        'vendor/fbtransform/',
34 silly install resolved        'vendor/inline-source-map.js' ],
34 silly install resolved     main: 'main.js',
34 silly install resolved     bin: { jsx: './bin/jsx' },
34 silly install resolved     repository: { type: 'git', url: 'https://github.com/facebook/react' },
34 silly install resolved     dependencies: { commoner: '^0.10.0', jstransform: '^10.1.0' },
34 silly install resolved     devDependencies:
34 silly install resolved      { benchmark: '~1.0.0',
34 silly install resolved        browserify: '^9.0.3',
34 silly install resolved        'bundle-collapser': '^1.1.1',
34 silly install resolved        'coffee-script': '^1.8.0',
34 silly install resolved        coverify: '~1.0.4',
34 silly install resolved        derequire: '^2.0.0',
34 silly install resolved        envify: '^3.0.0',
34 silly install resolved        es3ify: '~0.1.2',
34 silly install resolved        'es5-shim': '^4.0.0',
34 silly install resolved        eslint: '^0.14.1',
34 silly install resolved        'esprima-fb': '^13001.1001.0-dev-harmony-fb',
34 silly install resolved        grunt: '~0.4.2',
34 silly install resolved        'grunt-cli': '~0.1.9',
34 silly install resolved        'grunt-compare-size': '~0.4.0',
34 silly install resolved        'grunt-contrib-clean': '^0.6.0',
34 silly install resolved        'grunt-contrib-compress': '^0.13.0',
34 silly install resolved        'grunt-contrib-connect': '~0.6.0',
34 silly install resolved        'grunt-contrib-jshint': '^0.10.0',
34 silly install resolved        'grunt-jest': '^0.1.2',
34 silly install resolved        'gzip-js': '~0.3.2',
34 silly install resolved        'jasmine-tapreporter': '~0.2.2',
34 silly install resolved        'jest-cli': '^0.2.1',
34 silly install resolved        optimist: '~0.6.0',
34 silly install resolved        phantomjs: '~1.9',
34 silly install resolved        platform: '^1.1.0',
34 silly install resolved        populist: '~0.1.6',
34 silly install resolved        recast: '^0.9.11',
34 silly install resolved        'sauce-tunnel': '~1.1.0',
34 silly install resolved        tmp: '~0.0.18',
34 silly install resolved        typescript: '^1.4.0',
34 silly install resolved        'uglify-js': '^2.4.20',
34 silly install resolved        uglifyify: '^3.0.1',
34 silly install resolved        wd: '~0.2.6' },
34 silly install resolved     engines: { node: '>=0.10.0' },
34 silly install resolved     preferGlobal: true,
34 silly install resolved     commonerConfig: { version: 4 },
34 silly install resolved     scripts:
34 silly install resolved      { test: 'jest',
34 silly install resolved        jest: 'jest',
34 silly install resolved        lint: 'eslint src',
34 silly install resolved        build: 'grunt build' },
34 silly install resolved     jest:
34 silly install resolved      { rootDir: '',
34 silly install resolved        scriptPreprocessor: 'jest/preprocessor.js',
34 silly install resolved        setupEnvScriptFile: 'jest/environment.js',
34 silly install resolved        persistModuleRegistryBetweenSpecs: true,
34 silly install resolved        testFileExtensions: [Object],
34 silly install resolved        modulePathIgnorePatterns: [Object],
34 silly install resolved        testPathIgnorePatterns: [Object],
34 silly install resolved        unmockedModulePathPatterns: [Object] },
34 silly install resolved     _id: 'react-tools@0.13.3',
34 silly install resolved     _shasum: 'da6ac7d4d7777a59a5e951cf46e72fd4b6b40a2c',
34 silly install resolved     _resolved: 'https://registry.npm.taobao.org/react-tools/download/react-tools-0.13.3.tgz',
34 silly install resolved     _from: 'react-tools@*',
34 silly install resolved     _npmVersion: '2.7.3',
34 silly install resolved     _nodeVersion: '0.10.38',
34 silly install resolved     _npmUser: { name: 'zpao', email: 'paul@oshannessy.com' },
34 silly install resolved     maintainers: [ [Object], [Object], [Object] ],
34 silly install resolved     dist:
34 silly install resolved      { shasum: 'da6ac7d4d7777a59a5e951cf46e72fd4b6b40a2c',
34 silly install resolved        size: 302177,
34 silly install resolved        noattachment: false,
34 silly install resolved        tarball: 'http://registry.npm.taobao.org/react-tools/download/react-tools-0.13.3.tgz' },
34 silly install resolved     directories: {},
34 silly install resolved     publish_time: 1431128438895,
34 silly install resolved     _cnpm_publish_time: 1431128438895,
34 silly install resolved     readme: 'ERROR: No README data found!' } ]
35 info install react-tools@0.13.3 into /usr/local/lib
36 info installOne react-tools@0.13.3
37 verbose installOne of react-tools to /usr/local/lib not in flight; installing
38 verbose lock using /Users/Jinbo/.npm/.cache/cnpm/_locks/react-tools-548e65591a6e6311.lock for /usr/local/lib/node_modules/react-tools
39 silly install write writing react-tools 0.13.3 to /usr/local/lib/node_modules/react-tools
40 silly cache addNamed cb react-tools@0.13.3
41 verbose unbuild lib/node_modules/react-tools
42 silly gentlyRm /usr/local/lib/node_modules/react-tools is being purged from base /usr/local
43 verbose gentlyRm don't care about contents; nuking /usr/local/lib/node_modules/react-tools
44 verbose tar unpack /Users/Jinbo/.npm/.cache/cnpm/react-tools/0.13.3/package.tgz
45 verbose tar unpacking to /usr/local/lib/node_modules/react-tools
46 silly gentlyRm /usr/local/lib/node_modules/react-tools is being purged
47 verbose gentlyRm don't care about contents; nuking /usr/local/lib/node_modules/react-tools
48 silly gunzTarPerm modes [ '755', '644' ]
49 error tar.unpack untar error /Users/Jinbo/.npm/.cache/cnpm/react-tools/0.13.3/package.tgz
50 verbose unlock done using /Users/Jinbo/.npm/.cache/cnpm/_locks/react-tools-548e65591a6e6311.lock for /usr/local/lib/node_modules/react-tools
51 verbose fstream_path /usr/local/lib/node_modules/react-tools
52 verbose fstream_type Directory
53 verbose fstream_class DirWriter
54 verbose stack Error: EACCES, mkdir '/usr/local/lib/node_modules/react-tools'
54 verbose stack     at Error (native)
55 verbose fstream_stack /usr/local/lib/node_modules/npm/node_modules/fstream/lib/dir-writer.js:36:23
55 verbose fstream_stack /usr/local/lib/node_modules/npm/node_modules/mkdirp/index.js:46:53
55 verbose fstream_stack FSReqWrap.oncomplete (fs.js:95:15)
56 verbose cwd /myCodes/Learning/ReactJS
57 error Darwin 14.3.0
58 error argv "node" "/usr/local/bin/npm" "--registry=https://registry.npm.taobao.org" "--cache=/Users/Jinbo/.npm/.cache/cnpm" "--disturl=https://npm.taobao.org/dist" "--userconfig=/Users/Jinbo/.cnpmrc" "install" "-g" "react-tools"
59 error node v0.12.2
60 error npm  v2.7.4
61 error path /usr/local/lib/node_modules/react-tools
62 error code EACCES
63 error errno -13
64 error Error: EACCES, mkdir '/usr/local/lib/node_modules/react-tools'
64 error     at Error (native)
64 error  { [Error: EACCES, mkdir '/usr/local/lib/node_modules/react-tools']
64 error   errno: -13,
64 error   code: 'EACCES',
64 error   path: '/usr/local/lib/node_modules/react-tools',
64 error   fstream_type: 'Directory',
64 error   fstream_path: '/usr/local/lib/node_modules/react-tools',
64 error   fstream_class: 'DirWriter',
64 error   fstream_stack:
64 error    [ '/usr/local/lib/node_modules/npm/node_modules/fstream/lib/dir-writer.js:36:23',
64 error      '/usr/local/lib/node_modules/npm/node_modules/mkdirp/index.js:46:53',
64 error      'FSReqWrap.oncomplete (fs.js:95:15)' ] }
65 error Please try running this command again as root/Administrator.
66 verbose exit [ -13, true ]
67 verbose unbuild lib/node_modules/react-tools
68 silly gentlyRm /usr/local/lib/node_modules/react-tools is being purged from base /usr/local
69 verbose gentlyRm don't care about contents; nuking /usr/local/lib/node_modules/react-tools
